SF:lib\ui\pages\login\login_page.dart
DA:8,1
DA:13,1
DA:15,1
DA:16,1
DA:17,1
DA:20,2
DA:21,0
DA:24,1
DA:25,1
DA:26,1
DA:27,1
DA:28,1
DA:30,1
DA:31,1
DA:32,1
LF:15
LH:14
end_of_record
SF:lib\ui\pages\login\widgets\form.dart
DA:7,1
DA:12,1
DA:14,1
DA:16,1
DA:17,1
DA:19,1
DA:20,1
DA:21,1
DA:22,3
DA:25,1
DA:26,2
DA:33,1
DA:34,2
DA:35,2
DA:36,2
DA:37,1
DA:39,1
DA:53,1
DA:54,0
DA:55,1
LF:20
LH:19
end_of_record
SF:lib\ui\pages\login\widgets\header.dart
DA:5,1
DA:7,1
DA:9,1
DA:10,1
DA:12,4
DA:14,1
DA:18,1
DA:20,1
DA:21,2
DA:22,2
DA:35,1
DA:36,1
LF:12
LH:12
end_of_record
