SF:lib\ui\components\app.dart
DA:6,0
DA:8,0
DA:10,0
DA:12,0
DA:13,0
DA:14,0
DA:21,0
DA:26,0
DA:31,0
DA:33,0
DA:35,0
DA:37,0
DA:39,0
DA:41,0
DA:43,0
DA:48,0
DA:50,0
DA:52,0
DA:54,0
DA:56,0
LF:20
LH:0
end_of_record
SF:lib\ui\theme\theme.dart
DA:7,0
DA:23,0
DA:25,0
DA:26,0
DA:29,0
DA:30,0
DA:33,0
DA:36,0
DA:37,0
LF:9
LH:0
end_of_record
SF:lib\ui\components\spinner_dialog.dart
DA:4,1
DA:6,1
DA:7,1
DA:10,1
DA:14,1
DA:15,1
DA:16,1
DA:17,1
DA:21,1
DA:23,1
DA:24,1
DA:25,1
LF:12
LH:12
end_of_record
SF:lib\ui\components\error_snack_bar.dart
DA:4,1
DA:5,2
DA:6,1
DA:7,1
DA:8,1
LF:5
LH:5
end_of_record
SF:lib\ui\pages\login\login_page.dart
DA:12,1
DA:17,1
DA:18,1
DA:22,1
DA:24,1
DA:25,3
DA:28,1
DA:30,1
DA:31,1
DA:32,1
DA:35,2
DA:36,0
DA:39,5
DA:41,1
DA:43,1
DA:47,5
DA:48,1
DA:49,1
DA:53,1
DA:54,1
DA:55,1
DA:56,1
DA:57,1
DA:59,1
DA:60,1
DA:62,1
DA:63,3
DA:64,1
DA:65,1
DA:67,1
DA:68,1
DA:69,1
DA:70,3
DA:73,1
DA:74,3
DA:75,1
DA:76,1
DA:77,3
DA:78,1
DA:82,3
DA:83,1
DA:92,1
DA:94,1
DA:96,3
DA:97,1
DA:98,1
DA:99,2
DA:100,3
DA:108,1
DA:109,0
DA:110,1
LF:51
LH:49
end_of_record
SF:lib\ui\pages\login\widgets\password_input.dart
DA:6,1
DA:8,1
DA:10,1
DA:11,1
DA:12,1
DA:13,1
DA:14,1
DA:15,1
DA:16,1
DA:19,4
LF:10
LH:10
end_of_record
SF:lib\ui\pages\login\widgets\header.dart
DA:5,1
DA:7,1
DA:9,1
DA:10,1
DA:12,4
DA:14,1
DA:18,1
DA:20,1
DA:21,2
DA:22,2
DA:35,1
DA:36,1
LF:12
LH:12
end_of_record
